# JRE version: OpenJDK Runtime Environment (17.0.7) (build 17.0.7+0-b2043.56-10550314)
# Java VM: OpenJDK 64-Bit Server VM (17.0.7+0-b2043.56-10550314, mixed mode, tiered, compressed oops, compressed class ptrs, g1 gc, windows-amd64)
GC Precious Log:
 CPUs: 12 total, 12 available
 Memory: 7967M
 Large Page Support: Disabled
 NUMA Support: Disabled
 Compressed Oops: Enabled (32-bit)
 Heap Region Size: 1M
 Heap Min Capacity: 8M
 Heap Initial Capacity: 126M
 Heap Max Capacity: 1536M
 Pre-touch: Disabled
 Parallel Workers: 10
 Concurrent Workers: 3
 Concurrent Refinement Workers: 10
 Periodic GC: Disabled
Heap:
 garbage-first heap   total 122880K, used 58871K [0x00000000a0000000, 0x0000000100000000)
  region size 1024K, 15 young (15360K), 7 survivors (7168K)
 Metaspace       used 52708K, committed 53184K, reserved 1114112K
  class space    used 7032K, committed 7232K, reserved 1048576K
GC Heap History (20 events):
Event: 9.360 GC heap before
{Heap before GC invocations=5 (full 0):
 garbage-first heap   total 61440K, used 20368K [0x00000000a0000000, 0x0000000100000000)
  region size 1024K, 4 young (4096K), 3 survivors (3072K)
 Metaspace       used 26149K, committed 26432K, reserved 1114112K
  class space    used 3430K, committed 3584K, reserved 1048576K
}
Event: 9.365 GC heap after
{Heap after GC invocations=6 (full 0):
 garbage-first heap   total 61440K, used 19460K [0x00000000a0000000, 0x0000000100000000)
  region size 1024K, 1 young (1024K), 1 survivors (1024K)
 Metaspace       used 26149K, committed 26432K, reserved 1114112K
  class space    used 3430K, committed 3584K, reserved 1048576K
}
Event: 10.292 GC heap before
{Heap before GC invocations=6 (full 0):
 garbage-first heap   total 61440K, used 41988K [0x00000000a0000000, 0x0000000100000000)
  region size 1024K, 23 young (23552K), 1 survivors (1024K)
 Metaspace       used 29765K, committed 30016K, reserved 1114112K
  class space    used 4009K, committed 4096K, reserved 1048576K
}
Event: 10.295 GC heap after
{Heap after GC invocations=7 (full 0):
 garbage-first heap   total 61440K, used 20294K [0x00000000a0000000, 0x0000000100000000)
  region size 1024K, 2 young (2048K), 2 survivors (2048K)
 Metaspace       used 29765K, committed 30016K, reserved 1114112K
  class space    used 4009K, committed 4096K, reserved 1048576K
}
Event: 11.277 GC heap before
{Heap before GC invocations=7 (full 0):
 garbage-first heap   total 61440K, used 43846K [0x00000000a0000000, 0x0000000100000000)
  region size 1024K, 25 young (25600K), 2 survivors (2048K)
 Metaspace       used 33523K, committed 33856K, reserved 1114112K
  class space    used 4587K, committed 4736K, reserved 1048576K
}
Event: 11.281 GC heap after
{Heap after GC invocations=8 (full 0):
 garbage-first heap   total 61440K, used 21796K [0x00000000a0000000, 0x0000000100000000)
  region size 1024K, 3 young (3072K), 3 survivors (3072K)
 Metaspace       used 33523K, committed 33856K, reserved 1114112K
  class space    used 4587K, committed 4736K, reserved 1048576K
}
Event: 11.533 GC heap before
{Heap before GC invocations=8 (full 0):
 garbage-first heap   total 61440K, used 24868K [0x00000000a0000000, 0x0000000100000000)
  region size 1024K, 8 young (8192K), 3 survivors (3072K)
 Metaspace       used 35673K, committed 35968K, reserved 1114112K
  class space    used 4733K, committed 4864K, reserved 1048576K
}
Event: 11.539 GC heap after
{Heap after GC invocations=9 (full 0):
 garbage-first heap   total 61440K, used 22721K [0x00000000a0000000, 0x0000000100000000)
  region size 1024K, 3 young (3072K), 3 survivors (3072K)
 Metaspace       used 35673K, committed 35968K, reserved 1114112K
  class space    used 4733K, committed 4864K, reserved 1048576K
}
Event: 12.167 GC heap before
{Heap before GC invocations=10 (full 0):
 garbage-first heap   total 61440K, used 42177K [0x00000000a0000000, 0x0000000100000000)
  region size 1024K, 23 young (23552K), 3 survivors (3072K)
 Metaspace       used 38446K, committed 38784K, reserved 1114112K
  class space    used 5051K, committed 5184K, reserved 1048576K
}
Event: 12.174 GC heap after
{Heap after GC invocations=11 (full 0):
 garbage-first heap   total 61440K, used 26072K [0x00000000a0000000, 0x0000000100000000)
  region size 1024K, 3 young (3072K), 3 survivors (3072K)
 Metaspace       used 38446K, committed 38784K, reserved 1114112K
  class space    used 5051K, committed 5184K, reserved 1048576K
}
Event: 12.181 GC heap before
{Heap before GC invocations=11 (full 0):
 garbage-first heap   total 61440K, used 27096K [0x00000000a0000000, 0x0000000100000000)
  region size 1024K, 4 young (4096K), 3 survivors (3072K)
 Metaspace       used 38447K, committed 38784K, reserved 1114112K
  class space    used 5051K, committed 5184K, reserved 1048576K
}
Event: 12.185 GC heap after
{Heap after GC invocations=12 (full 0):
 garbage-first heap   total 61440K, used 26347K [0x00000000a0000000, 0x0000000100000000)
  region size 1024K, 1 young (1024K), 1 survivors (1024K)
 Metaspace       used 38447K, committed 38784K, reserved 1114112K
  class space    used 5051K, committed 5184K, reserved 1048576K
}
Event: 12.603 GC heap before
{Heap before GC invocations=12 (full 0):
 garbage-first heap   total 61440K, used 40683K [0x00000000a0000000, 0x0000000100000000)
  region size 1024K, 16 young (16384K), 1 survivors (1024K)
 Metaspace       used 39776K, committed 40064K, reserved 1114112K
  class space    used 5239K, committed 5376K, reserved 1048576K
}
Event: 12.608 GC heap after
{Heap after GC invocations=13 (full 0):
 garbage-first heap   total 122880K, used 28521K [0x00000000a0000000, 0x0000000100000000)
  region size 1024K, 2 young (2048K), 2 survivors (2048K)
 Metaspace       used 39776K, committed 40064K, reserved 1114112K
  class space    used 5239K, committed 5376K, reserved 1048576K
}
Event: 14.956 GC heap before
{Heap before GC invocations=13 (full 0):
 garbage-first heap   total 122880K, used 83817K [0x00000000a0000000, 0x0000000100000000)
  region size 1024K, 54 young (55296K), 2 survivors (2048K)
 Metaspace       used 45750K, committed 46144K, reserved 1114112K
  class space    used 5963K, committed 6144K, reserved 1048576K
}
Event: 14.970 GC heap after
{Heap after GC invocations=14 (full 0):
 garbage-first heap   total 122880K, used 32180K [0x00000000a0000000, 0x0000000100000000)
  region size 1024K, 7 young (7168K), 7 survivors (7168K)
 Metaspace       used 45750K, committed 46144K, reserved 1114112K
  class space    used 5963K, committed 6144K, reserved 1048576K
}
Event: 17.957 GC heap before
{Heap before GC invocations=14 (full 0):
 garbage-first heap   total 122880K, used 85428K [0x00000000a0000000, 0x0000000100000000)
  region size 1024K, 59 young (60416K), 7 survivors (7168K)
 Metaspace       used 50133K, committed 50560K, reserved 1114112K
  class space    used 6588K, committed 6784K, reserved 1048576K
}
Event: 18.002 GC heap after
{Heap after GC invocations=15 (full 0):
 garbage-first heap   total 122880K, used 35110K [0x00000000a0000000, 0x0000000100000000)
  region size 1024K, 3 young (3072K), 3 survivors (3072K)
 Metaspace       used 50133K, committed 50560K, reserved 1114112K
  class space    used 6588K, committed 6784K, reserved 1048576K
}
Event: 21.530 GC heap before
{Heap before GC invocations=15 (full 0):
 garbage-first heap   total 122880K, used 97574K [0x00000000a0000000, 0x0000000100000000)
  region size 1024K, 56 young (57344K), 3 survivors (3072K)
 Metaspace       used 51923K, committed 52416K, reserved 1114112K
  class space    used 6902K, committed 7104K, reserved 1048576K
}
Event: 21.551 GC heap after
{Heap after GC invocations=16 (full 0):
 garbage-first heap   total 122880K, used 51703K [0x00000000a0000000, 0x0000000100000000)
  region size 1024K, 7 young (7168K), 7 survivors (7168K)
 Metaspace       used 51923K, committed 52416K, reserved 1114112K
  class space    used 6902K, committed 7104K, reserved 1048576K
}

